# JRE version: OpenJDK Runtime Environment (8.0_212-b04) (build 1.8.0_212-release-1586-b04)
# Java VM: OpenJDK 64-Bit Server VM (25.212-b04 mixed mode windows-amd64 compressed oops)
Heap:
 PSYoungGen      total 275456K, used 232533K [0x00000000e0000000, 0x00000000f3780000, 0x0000000100000000)
  eden space 245248K, 85% used [0x00000000e0000000,0x00000000ecc1d678,0x00000000eef80000)
  from space 30208K, 77% used [0x00000000f1a00000,0x00000000f30f7f80,0x00000000f3780000)
  to   space 36864K, 0% used [0x00000000eef80000,0x00000000eef80000,0x00000000f1380000)
 ParOldGen       total 129024K, used 76216K [0x00000000a0000000, 0x00000000a7e00000, 0x00000000e0000000)
  object space 129024K, 59% used [0x00000000a0000000,0x00000000a4a6e360,0x00000000a7e00000)
 Metaspace       used 85302K, capacity 88822K, committed 88920K, reserved 1126400K
  class space    used 11365K, capacity 12056K, committed 12120K, reserved 1048576K
GC Heap History (10 events):
Event: 20.237 GC heap before
{Heap before GC invocations=15 (full 3):
 PSYoungGen      total 193536K, used 2906K [0x00000000e0000000, 0x00000000ee080000, 0x0000000100000000)
  eden space 174592K, 0% used [0x00000000e0000000,0x00000000e0000000,0x00000000eaa80000)
  from space 18944K, 15% used [0x00000000ebd80000,0x00000000ec0569d8,0x00000000ed000000)
  to   space 19456K, 0% used [0x00000000eaa80000,0x00000000eaa80000,0x00000000ebd80000)
 ParOldGen       total 89088K, used 34580K [0x00000000a0000000, 0x00000000a5700000, 0x00000000e0000000)
  object space 89088K, 38% used [0x00000000a0000000,0x00000000a21c50b0,0x00000000a5700000)
 Metaspace       used 57122K, capacity 59020K, committed 59096K, reserved 1099776K
  class space    used 7880K, capacity 8339K, committed 8408K, reserved 1048576K
Event: 20.730 GC heap after
Heap after GC invocations=15 (full 3):
 PSYoungGen      total 193536K, used 0K [0x00000000e0000000, 0x00000000ee080000, 0x0000000100000000)
  eden space 174592K, 0% used [0x00000000e0000000,0x00000000e0000000,0x00000000eaa80000)
  from space 18944K, 0% used [0x00000000ebd80000,0x00000000ebd80000,0x00000000ed000000)
  to   space 19456K, 0% used [0x00000000eaa80000,0x00000000eaa80000,0x00000000ebd80000)
 ParOldGen       total 129024K, used 31028K [0x00000000a0000000, 0x00000000a7e00000, 0x00000000e0000000)
  object space 129024K, 24% used [0x00000000a0000000,0x00000000a1e4d2c8,0x00000000a7e00000)
 Metaspace       used 57111K, capacity 58992K, committed 59096K, reserved 1099776K
  class space    used 7877K, capacity 8333K, committed 8408K, reserved 1048576K
}
Event: 25.099 GC heap before
{Heap before GC invocations=16 (full 3):
 PSYoungGen      total 193536K, used 174539K [0x00000000e0000000, 0x00000000ee080000, 0x0000000100000000)
  eden space 174592K, 99% used [0x00000000e0000000,0x00000000eaa72dc0,0x00000000eaa80000)
  from space 18944K, 0% used [0x00000000ebd80000,0x00000000ebd80000,0x00000000ed000000)
  to   space 19456K, 0% used [0x00000000eaa80000,0x00000000eaa80000,0x00000000ebd80000)
 ParOldGen       total 129024K, used 31028K [0x00000000a0000000, 0x00000000a7e00000, 0x00000000e0000000)
  object space 129024K, 24% used [0x00000000a0000000,0x00000000a1e4d2c8,0x00000000a7e00000)
 Metaspace       used 61544K, capacity 63892K, committed 64088K, reserved 1103872K
  class space    used 8459K, capacity 8971K, committed 9048K, reserved 1048576K
Event: 25.124 GC heap after
Heap after GC invocations=16 (full 3):
 PSYoungGen      total 194048K, used 14657K [0x00000000e0000000, 0x00000000efc00000, 0x0000000100000000)
  eden space 174592K, 0% used [0x00000000e0000000,0x00000000e0000000,0x00000000eaa80000)
  from space 19456K, 75% used [0x00000000eaa80000,0x00000000eb8d0770,0x00000000ebd80000)
  to   space 20480K, 0% used [0x00000000ee800000,0x00000000ee800000,0x00000000efc00000)
 ParOldGen       total 129024K, used 31036K [0x00000000a0000000, 0x00000000a7e00000, 0x00000000e0000000)
  object space 129024K, 24% used [0x00000000a0000000,0x00000000a1e4f2c8,0x00000000a7e00000)
 Metaspace       used 61544K, capacity 63892K, committed 64088K, reserved 1103872K
  class space    used 8459K, capacity 8971K, committed 9048K, reserved 1048576K
}
Event: 30.320 GC heap before
{Heap before GC invocations=17 (full 3):
 PSYoungGen      total 194048K, used 189249K [0x00000000e0000000, 0x00000000efc00000, 0x0000000100000000)
  eden space 174592K, 100% used [0x00000000e0000000,0x00000000eaa80000,0x00000000eaa80000)
  from space 19456K, 75% used [0x00000000eaa80000,0x00000000eb8d0770,0x00000000ebd80000)
  to   space 20480K, 0% used [0x00000000ee800000,0x00000000ee800000,0x00000000efc00000)
 ParOldGen       total 129024K, used 31036K [0x00000000a0000000, 0x00000000a7e00000, 0x00000000e0000000)
  object space 129024K, 24% used [0x00000000a0000000,0x00000000a1e4f2c8,0x00000000a7e00000)
 Metaspace       used 66818K, capacity 69542K, committed 69848K, reserved 1110016K
  class space    used 9243K, capacity 9836K, committed 9944K, reserved 1048576K
Event: 30.519 GC heap after
Heap after GC invocations=17 (full 3):
 PSYoungGen      total 223232K, used 20458K [0x00000000e0000000, 0x00000000f1e00000, 0x0000000100000000)
  eden space 202752K, 0% used [0x00000000e0000000,0x00000000e0000000,0x00000000ec600000)
  from space 20480K, 99% used [0x00000000ee800000,0x00000000efbfa908,0x00000000efc00000)
  to   space 34816K, 0% used [0x00000000ec600000,0x00000000ec600000,0x00000000ee800000)
 ParOldGen       total 129024K, used 62215K [0x00000000a0000000, 0x00000000a7e00000, 0x00000000e0000000)
  object space 129024K, 48% used [0x00000000a0000000,0x00000000a3cc1dc8,0x00000000a7e00000)
 Metaspace       used 66818K, capacity 69542K, committed 69848K, reserved 1110016K
  class space    used 9243K, capacity 9836K, committed 9944K, reserved 1048576K
}
Event: 35.537 GC heap before
{Heap before GC invocations=18 (full 3):
 PSYoungGen      total 223232K, used 223210K [0x00000000e0000000, 0x00000000f1e00000, 0x0000000100000000)
  eden space 202752K, 100% used [0x00000000e0000000,0x00000000ec600000,0x00000000ec600000)
  from space 20480K, 99% used [0x00000000ee800000,0x00000000efbfa908,0x00000000efc00000)
  to   space 34816K, 0% used [0x00000000ec600000,0x00000000ec600000,0x00000000ee800000)
 ParOldGen       total 129024K, used 62215K [0x00000000a0000000, 0x00000000a7e00000, 0x00000000e0000000)
  object space 129024K, 48% used [0x00000000a0000000,0x00000000a3cc1dc8,0x00000000a7e00000)
 Metaspace       used 67459K, capacity 70310K, committed 70360K, reserved 1110016K
  class space    used 9326K, capacity 9908K, committed 9944K, reserved 1048576K
Event: 35.572 GC heap after
Heap after GC invocations=18 (full 3):
 PSYoungGen      total 237568K, used 768K [0x00000000e0000000, 0x00000000f3c80000, 0x0000000100000000)
  eden space 202752K, 0% used [0x00000000e0000000,0x00000000e0000000,0x00000000ec600000)
  from space 34816K, 2% used [0x00000000ec600000,0x00000000ec6c0000,0x00000000ee800000)
  to   space 35328K, 0% used [0x00000000f1a00000,0x00000000f1a00000,0x00000000f3c80000)
 ParOldGen       total 129024K, used 76208K [0x00000000a0000000, 0x00000000a7e00000, 0x00000000e0000000)
  object space 129024K, 59% used [0x00000000a0000000,0x00000000a4a6c360,0x00000000a7e00000)
 Metaspace       used 67459K, capacity 70310K, committed 70360K, reserved 1110016K
  class space    used 9326K, capacity 9908K, committed 9944K, reserved 1048576K
}
Event: 1138.187 GC heap before
{Heap before GC invocations=19 (full 3):
 PSYoungGen      total 237568K, used 203520K [0x00000000e0000000, 0x00000000f3c80000, 0x0000000100000000)
  eden space 202752K, 100% used [0x00000000e0000000,0x00000000ec600000,0x00000000ec600000)
  from space 34816K, 2% used [0x00000000ec600000,0x00000000ec6c0000,0x00000000ee800000)
  to   space 35328K, 0% used [0x00000000f1a00000,0x00000000f1a00000,0x00000000f3c80000)
 ParOldGen       total 129024K, used 76208K [0x00000000a0000000, 0x00000000a7e00000, 0x00000000e0000000)
  object space 129024K, 59% used [0x00000000a0000000,0x00000000a4a6c360,0x00000000a7e00000)
 Metaspace       used 76522K, capacity 79826K, committed 79960K, reserved 1118208K
  class space    used 10333K, capacity 10992K, committed 11096K, reserved 1048576K
Event: 1138.224 GC heap after
Heap after GC invocations=19 (full 3):
 PSYoungGen      total 275456K, used 23519K [0x00000000e0000000, 0x00000000f3780000, 0x0000000100000000)
  eden space 245248K, 0% used [0x00000000e0000000,0x00000000e0000000,0x00000000eef80000)
  from space 30208K, 77% used [0x00000000f1a00000,0x00000000f30f7f80,0x00000000f3780000)
  to   space 36864K, 0% used [0x00000000eef80000,0x00000000eef80000,0x00000000f1380000)
 ParOldGen       total 129024K, used 76216K [0x00000000a0000000, 0x00000000a7e00000, 0x00000000e0000000)
  object space 129024K, 59% used [0x00000000a0000000,0x00000000a4a6e360,0x00000000a7e00000)
 Metaspace       used 76522K, capacity 79826K, committed 79960K, reserved 1118208K
  class space    used 10333K, capacity 10992K, committed 11096K, reserved 1048576K
}

