# JRE version: OpenJDK Runtime Environment (8.0_212-b04) (build 1.8.0_212-release-1586-b04)
# Java VM: OpenJDK 64-Bit Server VM (25.212-b04 mixed mode windows-amd64 compressed oops)
Heap:
 PSYoungGen      total 199168K, used 37564K [0x00000000e0000000, 0x00000000efd80000, 0x0000000100000000)
  eden space 169472K, 22% used [0x00000000e0000000,0x00000000e24af2b0,0x00000000ea580000)
  from space 29696K, 0% used [0x00000000ea580000,0x00000000ea580000,0x00000000ec280000)
  to   space 31744K, 0% used [0x00000000ede80000,0x00000000ede80000,0x00000000efd80000)
 ParOldGen       total 195072K, used 56464K [0x00000000a0000000, 0x00000000abe80000, 0x00000000e0000000)
  object space 195072K, 28% used [0x00000000a0000000,0x00000000a37241c0,0x00000000abe80000)
 Metaspace       used 95533K, capacity 99130K, committed 100736K, reserved 1136640K
  class space    used 12296K, capacity 13031K, committed 13440K, reserved 1048576K
GC Heap History (10 events):
Event: 3298.781 GC heap before
{Heap before GC invocations=19 (full 3):
 PSYoungGen      total 198656K, used 198483K [0x00000000e0000000, 0x00000000ee300000, 0x0000000100000000)
  eden space 186368K, 100% used [0x00000000e0000000,0x00000000eb600000,0x00000000eb600000)
  from space 12288K, 98% used [0x00000000ebc00000,0x00000000ec7d4c38,0x00000000ec800000)
  to   space 23040K, 0% used [0x00000000ecc80000,0x00000000ecc80000,0x00000000ee300000)
 ParOldGen       total 137216K, used 44235K [0x00000000a0000000, 0x00000000a8600000, 0x00000000e0000000)
  object space 137216K, 32% used [0x00000000a0000000,0x00000000a2b32f68,0x00000000a8600000)
 Metaspace       used 79028K, capacity 82656K, committed 82816K, reserved 1120256K
  class space    used 10261K, capacity 11072K, committed 11136K, reserved 1048576K
Event: 3298.815 GC heap after
Heap after GC invocations=19 (full 3):
 PSYoungGen      total 201216K, used 19266K [0x00000000e0000000, 0x00000000ee080000, 0x0000000100000000)
  eden space 180736K, 0% used [0x00000000e0000000,0x00000000e0000000,0x00000000eb080000)
  from space 20480K, 94% used [0x00000000ecc80000,0x00000000edf50be8,0x00000000ee080000)
  to   space 24576K, 0% used [0x00000000eb080000,0x00000000eb080000,0x00000000ec880000)
 ParOldGen       total 137216K, used 44243K [0x00000000a0000000, 0x00000000a8600000, 0x00000000e0000000)
  object space 137216K, 32% used [0x00000000a0000000,0x00000000a2b34f68,0x00000000a8600000)
 Metaspace       used 79028K, capacity 82656K, committed 82816K, reserved 1120256K
  class space    used 10261K, capacity 11072K, committed 11136K, reserved 1048576K
}
Event: 3312.879 GC heap before
{Heap before GC invocations=20 (full 3):
 PSYoungGen      total 201216K, used 200002K [0x00000000e0000000, 0x00000000ee080000, 0x0000000100000000)
  eden space 180736K, 100% used [0x00000000e0000000,0x00000000eb080000,0x00000000eb080000)
  from space 20480K, 94% used [0x00000000ecc80000,0x00000000edf50be8,0x00000000ee080000)
  to   space 24576K, 0% used [0x00000000eb080000,0x00000000eb080000,0x00000000ec880000)
 ParOldGen       total 137216K, used 44243K [0x00000000a0000000, 0x00000000a8600000, 0x00000000e0000000)
  object space 137216K, 32% used [0x00000000a0000000,0x00000000a2b34f68,0x00000000a8600000)
 Metaspace       used 83378K, capacity 87068K, committed 87168K, reserved 1124352K
  class space    used 10756K, capacity 11554K, committed 11648K, reserved 1048576K
Event: 3312.963 GC heap after
Heap after GC invocations=20 (full 3):
 PSYoungGen      total 199680K, used 24571K [0x00000000e0000000, 0x00000000ee400000, 0x0000000100000000)
  eden space 175104K, 0% used [0x00000000e0000000,0x00000000e0000000,0x00000000eab00000)
  from space 24576K, 99% used [0x00000000eb080000,0x00000000ec87ef18,0x00000000ec880000)
  to   space 28160K, 0% used [0x00000000ec880000,0x00000000ec880000,0x00000000ee400000)
 ParOldGen       total 137216K, used 47213K [0x00000000a0000000, 0x00000000a8600000, 0x00000000e0000000)
  object space 137216K, 34% used [0x00000000a0000000,0x00000000a2e1b5f0,0x00000000a8600000)
 Metaspace       used 83378K, capacity 87068K, committed 87168K, reserved 1124352K
  class space    used 10756K, capacity 11554K, committed 11648K, reserved 1048576K
}
Event: 3318.662 GC heap before
{Heap before GC invocations=21 (full 3):
 PSYoungGen      total 199680K, used 199675K [0x00000000e0000000, 0x00000000ee400000, 0x0000000100000000)
  eden space 175104K, 100% used [0x00000000e0000000,0x00000000eab00000,0x00000000eab00000)
  from space 24576K, 99% used [0x00000000eb080000,0x00000000ec87ef18,0x00000000ec880000)
  to   space 28160K, 0% used [0x00000000ec880000,0x00000000ec880000,0x00000000ee400000)
 ParOldGen       total 137216K, used 47213K [0x00000000a0000000, 0x00000000a8600000, 0x00000000e0000000)
  object space 137216K, 34% used [0x00000000a0000000,0x00000000a2e1b5f0,0x00000000a8600000)
 Metaspace       used 89979K, capacity 93900K, committed 94208K, reserved 1130496K
  class space    used 11613K, capacity 12462K, committed 12544K, reserved 1048576K
Event: 3318.703 GC heap after
Heap after GC invocations=21 (full 3):
 PSYoungGen      total 193024K, used 19623K [0x00000000e0000000, 0x00000000edf80000, 0x0000000100000000)
  eden space 169472K, 0% used [0x00000000e0000000,0x00000000e0000000,0x00000000ea580000)
  from space 23552K, 83% used [0x00000000ec880000,0x00000000edba9ce8,0x00000000edf80000)
  to   space 29696K, 0% used [0x00000000ea580000,0x00000000ea580000,0x00000000ec280000)
 ParOldGen       total 137216K, used 57000K [0x00000000a0000000, 0x00000000a8600000, 0x00000000e0000000)
  object space 137216K, 41% used [0x00000000a0000000,0x00000000a37aa2c0,0x00000000a8600000)
 Metaspace       used 89979K, capacity 93900K, committed 94208K, reserved 1130496K
  class space    used 11613K, capacity 12462K, committed 12544K, reserved 1048576K
}
Event: 3319.892 GC heap before
{Heap before GC invocations=22 (full 3):
 PSYoungGen      total 193024K, used 77185K [0x00000000e0000000, 0x00000000edf80000, 0x0000000100000000)
  eden space 169472K, 33% used [0x00000000e0000000,0x00000000e3836970,0x00000000ea580000)
  from space 23552K, 83% used [0x00000000ec880000,0x00000000edba9ce8,0x00000000edf80000)
  to   space 29696K, 0% used [0x00000000ea580000,0x00000000ea580000,0x00000000ec280000)
 ParOldGen       total 137216K, used 57000K [0x00000000a0000000, 0x00000000a8600000, 0x00000000e0000000)
  object space 137216K, 41% used [0x00000000a0000000,0x00000000a37aa2c0,0x00000000a8600000)
 Metaspace       used 94261K, capacity 98538K, committed 98560K, reserved 1134592K
  class space    used 12269K, capacity 13183K, committed 13184K, reserved 1048576K
Event: 3319.926 GC heap after
Heap after GC invocations=22 (full 3):
 PSYoungGen      total 199168K, used 23629K [0x00000000e0000000, 0x00000000efd80000, 0x0000000100000000)
  eden space 169472K, 0% used [0x00000000e0000000,0x00000000e0000000,0x00000000ea580000)
  from space 29696K, 79% used [0x00000000ea580000,0x00000000ebc936e8,0x00000000ec280000)
  to   space 31744K, 0% used [0x00000000ede80000,0x00000000ede80000,0x00000000efd80000)
 ParOldGen       total 137216K, used 57008K [0x00000000a0000000, 0x00000000a8600000, 0x00000000e0000000)
  object space 137216K, 41% used [0x00000000a0000000,0x00000000a37ac2c0,0x00000000a8600000)
 Metaspace       used 94261K, capacity 98538K, committed 98560K, reserved 1134592K
  class space    used 12269K, capacity 13183K, committed 13184K, reserved 1048576K
}
Event: 3319.926 GC heap before
{Heap before GC invocations=23 (full 4):
 PSYoungGen      total 199168K, used 23629K [0x00000000e0000000, 0x00000000efd80000, 0x0000000100000000)
  eden space 169472K, 0% used [0x00000000e0000000,0x00000000e0000000,0x00000000ea580000)
  from space 29696K, 79% used [0x00000000ea580000,0x00000000ebc936e8,0x00000000ec280000)
  to   space 31744K, 0% used [0x00000000ede80000,0x00000000ede80000,0x00000000efd80000)
 ParOldGen       total 137216K, used 57008K [0x00000000a0000000, 0x00000000a8600000, 0x00000000e0000000)
  object space 137216K, 41% used [0x00000000a0000000,0x00000000a37ac2c0,0x00000000a8600000)
 Metaspace       used 94261K, capacity 98538K, committed 98560K, reserved 1134592K
  class space    used 12269K, capacity 13183K, committed 13184K, reserved 1048576K
Event: 3320.410 GC heap after
Heap after GC invocations=23 (full 4):
 PSYoungGen      total 199168K, used 0K [0x00000000e0000000, 0x00000000efd80000, 0x0000000100000000)
  eden space 169472K, 0% used [0x00000000e0000000,0x00000000e0000000,0x00000000ea580000)
  from space 29696K, 0% used [0x00000000ea580000,0x00000000ea580000,0x00000000ec280000)
  to   space 31744K, 0% used [0x00000000ede80000,0x00000000ede80000,0x00000000efd80000)
 ParOldGen       total 195072K, used 56464K [0x00000000a0000000, 0x00000000abe80000, 0x00000000e0000000)
  object space 195072K, 28% used [0x00000000a0000000,0x00000000a37241c0,0x00000000abe80000)
 Metaspace       used 93037K, capacity 96236K, committed 98560K, reserved 1134592K
  class space    used 12015K, capacity 12712K, committed 13184K, reserved 1048576K
}

